<?xml version="1.0" encoding="UTF-8" ?>
<testsuite failures="0" time="5.621" errors="0" skipped="0" tests="3" name="com.adobe.server.test.HttpDownloadTest">
  <properties>
[...]
</properties>
  <testcase time="0.12" classname="com.adobe.server.test.HttpDownloadTest" name="concurrentDownloadRequests"/>
  <testcase time="5.134" classname="com.adobe.server.test.HttpDownloadTest" name="manyConcurrentDownloadRequests"/>
  <testcase time="0.123" classname="com.adobe.server.test.HttpDownloadTest" name="downloadBinaryFile"/>
</testsuite>